
> calculadora-univesp-next@0.1.0 build
> prisma generate && next build --turbopack

Environment variables loaded from .env
Prisma schema loaded from prisma/schema.prisma

✔ Generated Prisma Client (v5.22.0) to ./node_modules/@prisma/client in 278ms

Start by importing your Prisma Client (See: https://pris.ly/d/importing-client)

Tip: Easily identify and fix slow SQL queries in your app. Optimize helps you enhance your visibility: https://pris.ly/--optimize

[baseline-browser-mapping] The data in this module is over two months old.  To ensure accurate Baseline data, please update: `npm i baseline-browser-mapping@latest -D`
   ▲ Next.js 16.0.10 (Turbopack)
   - Environments: .env
   - Experiments (use with caution):
     · clientTraceMetadata

   Creating an optimized production build ...
[baseline-browser-mapping] The data in this module is over two months old.  To ensure accurate Baseline data, please update: `npm i baseline-browser-mapping@latest -D`
 ✓ Compiled successfully in 61s
   Running next.config.js provided runAfterProductionCompile ...
 ✓ Completed runAfterProductionCompile in 29298ms
   Running TypeScript ...
   Collecting page data using 3 workers ...
[baseline-browser-mapping] The data in this module is over two months old.  To ensure accurate Baseline data, please update: `npm i baseline-browser-mapping@latest -D`
[baseline-browser-mapping] The data in this module is over two months old.  To ensure accurate Baseline data, please update: `npm i baseline-browser-mapping@latest -D`
[baseline-browser-mapping] The data in this module is over two months old.  To ensure accurate Baseline data, please update: `npm i baseline-browser-mapping@latest -D`
   Generating static pages using 3 workers (0/44) ...
[baseline-browser-mapping] The data in this module is over two months old.  To ensure accurate Baseline data, please update: `npm i baseline-browser-mapping@latest -D`
[baseline-browser-mapping] The data in this module is over two months old.  To ensure accurate Baseline data, please update: `npm i baseline-browser-mapping@latest -D`
   Generating static pages using 3 workers (11/44) 
   Generating static pages using 3 workers (22/44) 
   Generating static pages using 3 workers (33/44) 
 ✓ Generating static pages using 3 workers (44/44) in 1909.7ms
   Finalizing page optimization ...

Route (app)
┌ ○ /
├ ○ /_not-found
├ ƒ /admin
├ ƒ /admin/ads
├ ƒ /admin/avisos
├ ƒ /admin/blog
├ ƒ /admin/blog/[id]
├ ƒ /admin/blog/new
├ ƒ /admin/comments
├ ƒ /admin/feedbacks
├ ƒ /admin/importar
├ ƒ /admin/questions
├ ƒ /admin/questions/[id]
├ ƒ /admin/reports
├ ƒ /admin/subjects
├ ƒ /admin/users
├ ƒ /advertiser/campaigns
├ ƒ /advertiser/campaigns/[campaignId]
├ ƒ /advertiser/campaigns/[campaignId]/creatives/[creativeId]/edit
├ ƒ /advertiser/campaigns/[campaignId]/creatives/new
├ ƒ /advertiser/campaigns/[campaignId]/edit
├ ƒ /advertiser/campaigns/new
├ ƒ /advertiser/dashboard
├ ƒ /advertiser/dashboard/finance
├ ƒ /advertiser/dashboard/settings
├ ○ /anuncie
├ ƒ /api/ad-click
├ ƒ /api/auth/[...nextauth]
├ ƒ /api/check-admin
├ ƒ /api/cron/streak-guard
├ ƒ /api/upload
├ ƒ /api/webhooks/abacatepay
├ ○ /blog
├ ● /blog/[slug]
│ └ /blog/teste
├ ○ /calculadora-cr
├ ƒ /login
├ ƒ /perfil
├ ƒ /perfil/[id]
├ ƒ /perfil/aac
├ ƒ /perfil/editar
├ ƒ /perfil/importar
├ ○ /placar
├ ○ /politica-de-privacidade
├ ƒ /questoes
├ ƒ /questoes/[id]
├ ƒ /questoes/[id]/opengraph-image
├ ○ /questoes/nova
├ ○ /robots.txt
├ ƒ /simulados
├ ƒ /simulados/[id]
├ ƒ /simulados/[id]/resultado
├ ƒ /simulados/novo
├ ƒ /simulados/ranking
├ ○ /sitemap.xml
└ ○ /sobre


ƒ Proxy (Middleware)

○  (Static)   prerendered as static content
●  (SSG)      prerendered as static HTML (uses generateStaticParams)
ƒ  (Dynamic)  server-rendered on demand

